app/build/outputs/logs/manifest-merger-debug-report.txt
-- Merging decision tree log ---
manifest
ADDED from src\main\AndroidManifest.xml:2:1-123:12
	package
		ADDED from src\main\AndroidManifest.xml:4:5-38
		INJECTED from src\main\AndroidManifest.xml
		INJECTED from src\main\AndroidManifest.xml
	android:versionName
		ADDED from src\main\AndroidManifest.xml:6:5-33
		INJECTED from src\main\AndroidManifest.xml
		INJECTED from src\main\AndroidManifest.xml
	xmlns:tools
		ADDED from src\main\AndroidManifest.xml:3:5-51
	android:versionCode
		ADDED from src\main\AndroidManifest.xml:5:5-30
		INJECTED from src\main\AndroidManifest.xml
		INJECTED from src\main\AndroidManifest.xml
	xmlns:android
		ADDED from src\main\AndroidManifest.xml:2:11-69
uses-permission#android.permission.CAMERA
ADDED from src\main\AndroidManifest.xml:8:5-65
	android:name
		ADDED from src\main\AndroidManifest.xml:8:22-62
uses-permission#android.permission.RECEIVE_BOOT_COMPLETED
ADDED from src\main\AndroidManifest.xml:9:5-81
MERGED from [YH-Android:umeng-push:unspecified] AndroidManifest.xml:22:5-81
	android:name
		ADDED from src\main\AndroidManifest.xml:9:22-78
uses-permission#android.permission.VIBRATE
ADDED from src\main\AndroidManifest.xml:10:5-66
MERGED from [YH-Android:umeng-push:unspecified] AndroidManifest.xml:31:5-66
	android:name
		ADDED from src\main\AndroidManifest.xml:10:22-63
uses-permission#android.permission.BLUETOOTH
ADDED from src\main\AndroidManifest.xml:11:5-68
	android:name
		ADDED from src\main\AndroidManifest.xml:11:22-65
uses-permission#android.permission.WAKE_LOCK
ADDED from src\main\AndroidManifest.xml:12:5-68
MERGED from [YH-Android:umeng-push:unspecified] AndroidManifest.xml:17:5-68
	android:name
		ADDED from src\main\AndroidManifest.xml:12:22-65
uses-permission#android.permission.INTERNET
ADDED from src\main\AndroidManifest.xml:14:5-67
MERGED from [YH-Android:umeng-push:unspecified] AndroidManifest.xml:13:5-67
	android:name
		ADDED from src\main\AndroidManifest.xml:14:22-64
uses-permission#android.permission.ACCESS_WIFI_STATE
ADDED from src\main\AndroidManifest.xml:15:5-76
MERGED from [YH-Android:umeng-push:unspecified] AndroidManifest.xml:15:5-76
	android:name
		ADDED from src\main\AndroidManifest.xml:15:22-73
uses-permission#android.permission.ACCESS_NETWORK_STATE
ADDED from src\main\AndroidManifest.xml:16:5-79
MERGED from [YH-Android:umeng-push:unspecified] AndroidManifest.xml:14:5-79
	android:name
		ADDED from src\main\AndroidManifest.xml:16:22-76
uses-permission#android.permission.READ_PHONE_STATE
ADDED from src\main\AndroidManifest.xml:17:5-75
MERGED from [YH-Android:umeng-push:unspecified] AndroidManifest.xml:18:5-75
	android:name
		ADDED from src\main\AndroidManifest.xml:17:22-72
uses-permission#android.permission.WRITE_EXTERNAL_STORAGE
ADDED from src\main\AndroidManifest.xml:18:5-81
MERGED from [YH-Android:umeng-push:unspecified] AndroidManifest.xml:16:5-81
	android:name
		ADDED from src\main\AndroidManifest.xml:18:22-78
uses-permission#android.permission.RECORD_AUDIO
ADDED from src\main\AndroidManifest.xml:19:5-71
	android:name
		ADDED from src\main\AndroidManifest.xml:19:22-68
uses-permission#android.permission.GET_TASKS
ADDED from src\main\AndroidManifest.xml:20:5-68
MERGED from [YH-Android:umeng-push:unspecified] AndroidManifest.xml:21:5-68
	android:name
		ADDED from src\main\AndroidManifest.xml:20:22-65
uses-permission#android.permission.READ_LOGS
ADDED from src\main\AndroidManifest.xml:22:5-68
	android:name
		ADDED from src\main\AndroidManifest.xml:22:22-65
application
ADDED from src\main\AndroidManifest.xml:24:5-122:19
MERGED from [com.android.support:appcompat-v7:22.1.0] AndroidManifest.xml:22:5-20
MERGED from [com.android.support:support-v4:23.1.1] AndroidManifest.xml:22:5-20
MERGED from [com.android.support:support-v4:23.1.1] AndroidManifest.xml:22:5-20
MERGED from [com.pgyersdk:sdk:2.2.2] AndroidManifest.xml:10:5-11:19
MERGED from [com.android.support:support-v4:23.1.1] AndroidManifest.xml:22:5-20
MERGED from [com.android.support:appcompat-v7:22.1.0] AndroidManifest.xml:22:5-20
MERGED from [com.android.support:support-v4:23.1.1] AndroidManifest.xml:22:5-20
MERGED from [me.dm7.barcodescanner:zbar:1.8.4] AndroidManifest.xml:11:5-20
MERGED from [me.dm7.barcodescanner:core:1.8.4] AndroidManifest.xml:11:5-20
MERGED from [com.android.support:support-v4:23.1.1] AndroidManifest.xml:22:5-20
MERGED from [YH-Android:pull-to-refresh:unspecified] AndroidManifest.xml:9:5-20
MERGED from [YH-Android:umeng-push:unspecified] AndroidManifest.xml:36:5-141:19
MERGED from [com.squareup.leakcanary:leakcanary-android:1.3] AndroidManifest.xml:24:5-46:19
	android:label
		ADDED from src\main\AndroidManifest.xml:29:9-41
	android:hardwareAccelerated
		ADDED from src\main\AndroidManifest.xml:30:9-44
	android:allowBackup
		ADDED from src\main\AndroidManifest.xml:27:9-35
	android:icon
		ADDED from src\main\AndroidManifest.xml:28:9-40
	android:theme
		ADDED from src\main\AndroidManifest.xml:31:9-40
	tools:replace
		ADDED from src\main\AndroidManifest.xml:25:9-51
	android:name
		ADDED from src\main\AndroidManifest.xml:26:9-61
service#org.OpenUDID.OpenUDID_service
ADDED from src\main\AndroidManifest.xml:32:9-36:19
	android:name
		ADDED from src\main\AndroidManifest.xml:32:18-62
intent-filter#org.openudid.GETUDID
ADDED from src\main\AndroidManifest.xml:33:13-35:29
action#org.openudid.GETUDID
ADDED from src\main\AndroidManifest.xml:34:17-63
	android:name
		ADDED from src\main\AndroidManifest.xml:34:25-60
activity#com.intfocus.yh_android.LoginActivity
ADDED from src\main\AndroidManifest.xml:46:9-56:20
	android:screenOrientation
		ADDED from src\main\AndroidManifest.xml:49:13-49
	android:label
		ADDED from src\main\AndroidManifest.xml:48:13-45
	android:theme
		ADDED from src\main\AndroidManifest.xml:50:13-51
	android:name
		ADDED from src\main\AndroidManifest.xml:47:13-65
intent-filter#android.intent.action.MAIN+android.intent.category.LAUNCHER
ADDED from src\main\AndroidManifest.xml:51:13-55:29
action#android.intent.action.MAIN
ADDED from src\main\AndroidManifest.xml:52:17-69
	android:name
		ADDED from src\main\AndroidManifest.xml:52:25-66
category#android.intent.category.LAUNCHER
ADDED from src\main\AndroidManifest.xml:54:17-77
	android:name
		ADDED from src\main\AndroidManifest.xml:54:27-74
activity#com.intfocus.yh_android.DashboardActivity
ADDED from src\main\AndroidManifest.xml:57:9-60:47
	android:screenOrientation
		ADDED from src\main\AndroidManifest.xml:59:13-49
	android:theme
		ADDED from src\main\AndroidManifest.xml:60:13-44
	android:name
		ADDED from src\main\AndroidManifest.xml:58:13-69
activity#com.intfocus.yh_android.SettingActivity
ADDED from src\main\AndroidManifest.xml:61:9-64:47
	android:screenOrientation
		ADDED from src\main\AndroidManifest.xml:63:13-49
	android:theme
		ADDED from src\main\AndroidManifest.xml:64:13-44
	android:name
		ADDED from src\main\AndroidManifest.xml:62:13-67
activity#com.intfocus.yh_android.SubjectActivity
ADDED from src\main\AndroidManifest.xml:65:9-69:47
	android:screenOrientation
		ADDED from src\main\AndroidManifest.xml:68:13-51
	android:configChanges
		ADDED from src\main\AndroidManifest.xml:67:13-59
	android:theme
		ADDED from src\main\AndroidManifest.xml:69:13-44
	android:name
		ADDED from src\main\AndroidManifest.xml:66:13-67
activity#com.intfocus.yh_android.ReportSelectorAcitity
ADDED from src\main\AndroidManifest.xml:70:9-73:47
	android:screenOrientation
		ADDED from src\main\AndroidManifest.xml:72:13-49
	android:theme
		ADDED from src\main\AndroidManifest.xml:73:13-44
	android:name
		ADDED from src\main\AndroidManifest.xml:71:13-73
activity#com.intfocus.yh_android.CommentActivity
ADDED from src\main\AndroidManifest.xml:74:9-77:47
	android:screenOrientation
		ADDED from src\main\AndroidManifest.xml:76:13-49
	android:theme
		ADDED from src\main\AndroidManifest.xml:77:13-44
	android:name
		ADDED from src\main\AndroidManifest.xml:75:13-67
activity#com.intfocus.yh_android.ResetPasswordActivity
ADDED from src\main\AndroidManifest.xml:78:9-81:47
	android:screenOrientation
		ADDED from src\main\AndroidManifest.xml:80:13-49
	android:theme
		ADDED from src\main\AndroidManifest.xml:81:13-44
	android:name
		ADDED from src\main\AndroidManifest.xml:79:13-73
activity#com.intfocus.yh_android.BarCodeScannerActivity
ADDED from src\main\AndroidManifest.xml:82:9-85:47
	android:screenOrientation
		ADDED from src\main\AndroidManifest.xml:84:13-49
	android:theme
		ADDED from src\main\AndroidManifest.xml:85:13-44
	android:name
		ADDED from src\main\AndroidManifest.xml:83:13-74
activity#com.intfocus.yh_android.BarCodeResultActivity
ADDED from src\main\AndroidManifest.xml:86:9-89:47
	android:screenOrientation
		ADDED from src\main\AndroidManifest.xml:88:13-49
	android:theme
		ADDED from src\main\AndroidManifest.xml:89:13-44
	android:name
		ADDED from src\main\AndroidManifest.xml:87:13-73
activity#com.intfocus.yh_android.screen_lock.InitPassCodeActivity
ADDED from src\main\AndroidManifest.xml:90:9-93:47
	android:screenOrientation
		ADDED from src\main\AndroidManifest.xml:92:13-49
	android:theme
		ADDED from src\main\AndroidManifest.xml:93:13-44
	android:name
		ADDED from src\main\AndroidManifest.xml:91:13-84
activity#com.intfocus.yh_android.screen_lock.ConfirmPassCodeActivity
ADDED from src\main\AndroidManifest.xml:94:9-97:47
	android:screenOrientation
		ADDED from src\main\AndroidManifest.xml:96:13-49
	android:theme
		ADDED from src\main\AndroidManifest.xml:97:13-44
	android:name
		ADDED from src\main\AndroidManifest.xml:95:13-87
activity#com.intfocus.yh_android.StoreSelectorActivity
ADDED from src\main\AndroidManifest.xml:98:9-101:47
	android:screenOrientation
		ADDED from src\main\AndroidManifest.xml:100:13-49
	android:theme
		ADDED from src\main\AndroidManifest.xml:101:13-44
	android:name
		ADDED from src\main\AndroidManifest.xml:99:13-73
meta-data#PGYER_APPID
ADDED from src\main\AndroidManifest.xml:104:9-107:21
	android:value
		ADDED from src\main\AndroidManifest.xml:106:13-61
	android:name
		ADDED from src\main\AndroidManifest.xml:105:13-39
meta-data#UMENG_APPKEY
ADDED from src\main\AndroidManifest.xml:110:9-113:21
	android:value
		ADDED from src\main\AndroidManifest.xml:112:13-53
	android:name
		ADDED from src\main\AndroidManifest.xml:111:13-40
meta-data#UMENG_MESSAGE_SECRET
ADDED from src\main\AndroidManifest.xml:114:9-117:21
	android:value
		ADDED from src\main\AndroidManifest.xml:116:13-61
	android:name
		ADDED from src\main\AndroidManifest.xml:115:13-48
meta-data#UMENG_CHANNEL
ADDED from src\main\AndroidManifest.xml:118:9-121:21
	android:value
		ADDED from src\main\AndroidManifest.xml:120:13-34
	android:name
		ADDED from src\main\AndroidManifest.xml:119:13-41
uses-sdk
INJECTED from src\main\AndroidManifest.xml reason: use-sdk injection requested
MERGED from [com.android.support:appcompat-v7:22.1.0] AndroidManifest.xml:20:5-43
MERGED from [com.android.support:support-v4:23.1.1] AndroidManifest.xml:20:5-43
MERGED from [com.android.support:support-v4:23.1.1] AndroidManifest.xml:20:5-43
MERGED from [com.pgyersdk:sdk:2.2.2] AndroidManifest.xml:6:5-8:41
MERGED from [com.android.support:support-v4:23.1.1] AndroidManifest.xml:20:5-43
MERGED from [com.android.support:appcompat-v7:22.1.0] AndroidManifest.xml:20:5-43
MERGED from [com.android.support:support-v4:23.1.1] AndroidManifest.xml:20:5-43
MERGED from [me.dm7.barcodescanner:zbar:1.8.4] AndroidManifest.xml:7:5-9:41
MERGED from [me.dm7.barcodescanner:core:1.8.4] AndroidManifest.xml:7:5-9:41
MERGED from [com.android.support:support-v4:23.1.1] AndroidManifest.xml:20:5-43
MERGED from [YH-Android:pull-to-refresh:unspecified] AndroidManifest.xml:7:5-43
MERGED from [YH-Android:android-pdfview:unspecified] AndroidManifest.xml:25:5-27:41
MERGED from [YH-Android:umeng-push:unspecified] AndroidManifest.xml:7:5-9:41
MERGED from [com.squareup.leakcanary:leakcanary-android:1.3] AndroidManifest.xml:20:5-22:41
	android:targetSdkVersion
		INJECTED from src\main\AndroidManifest.xml
		INJECTED from src\main\AndroidManifest.xml
	android:minSdkVersion
		INJECTED from src\main\AndroidManifest.xml
		INJECTED from src\main\AndroidManifest.xml
uses-permission#android.permission.WRITE_SETTINGS
ADDED from [YH-Android:umeng-push:unspecified] AndroidManifest.xml:12:5-73
	android:name
		ADDED from [YH-Android:umeng-push:unspecified] AndroidManifest.xml:12:22-70
uses-permission#android.permission.CHANGE_NETWORK_STATE
ADDED from [YH-Android:umeng-push:unspecified] AndroidManifest.xml:19:5-79
	android:name
		ADDED from [YH-Android:umeng-push:unspecified] AndroidManifest.xml:19:22-76
uses-permission#android.permission.CHANGE_WIFI_STATE
ADDED from [YH-Android:umeng-push:unspecified] AndroidManifest.xml:20:5-76
	android:name
		ADDED from [YH-Android:umeng-push:unspecified] AndroidManifest.xml:20:22-73
uses-permission#android.permission.BROADCAST_PACKAGE_ADDED
ADDED from [YH-Android:umeng-push:unspecified] AndroidManifest.xml:25:5-82
	android:name
		ADDED from [YH-Android:umeng-push:unspecified] AndroidManifest.xml:25:22-79
uses-permission#android.permission.BROADCAST_PACKAGE_CHANGED
ADDED from [YH-Android:umeng-push:unspecified] AndroidManifest.xml:26:5-84
	android:name
		ADDED from [YH-Android:umeng-push:unspecified] AndroidManifest.xml:26:22-81
uses-permission#android.permission.BROADCAST_PACKAGE_INSTALL
ADDED from [YH-Android:umeng-push:unspecified] AndroidManifest.xml:27:5-84
	android:name
		ADDED from [YH-Android:umeng-push:unspecified] AndroidManifest.xml:27:22-81
uses-permission#android.permission.BROADCAST_PACKAGE_REPLACED
ADDED from [YH-Android:umeng-push:unspecified] AndroidManifest.xml:28:5-85
	android:name
		ADDED from [YH-Android:umeng-push:unspecified] AndroidManifest.xml:28:22-82
uses-permission#android.permission.RESTART_PACKAGES
ADDED from [YH-Android:umeng-push:unspecified] AndroidManifest.xml:29:5-75
	android:name
		ADDED from [YH-Android:umeng-push:unspecified] AndroidManifest.xml:29:22-72
uses-permission#android.permission.GET_ACCOUNTS
ADDED from [YH-Android:umeng-push:unspecified] AndroidManifest.xml:30:5-71
	android:name
		ADDED from [YH-Android:umeng-push:unspecified] AndroidManifest.xml:30:22-68
uses-permission#android.permission.SEND_SMS
ADDED from [YH-Android:umeng-push:unspecified] AndroidManifest.xml:32:5-67
	android:name
		ADDED from [YH-Android:umeng-push:unspecified] AndroidManifest.xml:32:22-64
uses-permission#android.permission.RECEIVE_SMS
ADDED from [YH-Android:umeng-push:unspecified] AndroidManifest.xml:33:5-70
	android:name
		ADDED from [YH-Android:umeng-push:unspecified] AndroidManifest.xml:33:22-67
uses-permission#android.permission.READ_SMS
ADDED from [YH-Android:umeng-push:unspecified] AndroidManifest.xml:34:5-67
	android:name
		ADDED from [YH-Android:umeng-push:unspecified] AndroidManifest.xml:34:22-64
receiver#com.umeng.message.NotificationProxyBroadcastReceiver
ADDED from [YH-Android:umeng-push:unspecified] AndroidManifest.xml:37:9-40:20
	android:exported
		ADDED from [YH-Android:umeng-push:unspecified] AndroidManifest.xml:39:13-37
	android:name
		ADDED from [YH-Android:umeng-push:unspecified] AndroidManifest.xml:38:13-80
receiver#com.umeng.message.SystemReceiver
ADDED from [YH-Android:umeng-push:unspecified] AndroidManifest.xml:41:9-55:20
	android:process
		ADDED from [YH-Android:umeng-push:unspecified] AndroidManifest.xml:43:13-36
	android:name
		ADDED from [YH-Android:umeng-push:unspecified] AndroidManifest.xml:42:13-60
intent-filter#android.intent.action.BOOT_COMPLETED
ADDED from [YH-Android:umeng-push:unspecified] AndroidManifest.xml:44:13-46:29
action#android.intent.action.BOOT_COMPLETED
ADDED from [YH-Android:umeng-push:unspecified] AndroidManifest.xml:45:17-79
	android:name
		ADDED from [YH-Android:umeng-push:unspecified] AndroidManifest.xml:45:25-76
intent-filter#android.net.conn.CONNECTIVITY_CHANGE
ADDED from [YH-Android:umeng-push:unspecified] AndroidManifest.xml:47:13-49:29
action#android.net.conn.CONNECTIVITY_CHANGE
ADDED from [YH-Android:umeng-push:unspecified] AndroidManifest.xml:48:17-79
	android:name
		ADDED from [YH-Android:umeng-push:unspecified] AndroidManifest.xml:48:25-76
intent-filter#android.intent.action.PACKAGE_REMOVED
ADDED from [YH-Android:umeng-push:unspecified] AndroidManifest.xml:50:13-54:29
action#android.intent.action.PACKAGE_REMOVED
ADDED from [YH-Android:umeng-push:unspecified] AndroidManifest.xml:51:17-80
	android:name
		ADDED from [YH-Android:umeng-push:unspecified] AndroidManifest.xml:51:25-77
data
ADDED from [YH-Android:umeng-push:unspecified] AndroidManifest.xml:53:17-50
	android:scheme
		ADDED from [YH-Android:umeng-push:unspecified] AndroidManifest.xml:53:23-47
receiver#com.umeng.message.MessageReceiver
ADDED from [YH-Android:umeng-push:unspecified] AndroidManifest.xml:56:9-63:20
	android:process
		ADDED from [YH-Android:umeng-push:unspecified] AndroidManifest.xml:59:13-36
	android:exported
		ADDED from [YH-Android:umeng-push:unspecified] AndroidManifest.xml:58:13-37
	android:name
		ADDED from [YH-Android:umeng-push:unspecified] AndroidManifest.xml:57:13-61
intent-filter#org.agoo.android.intent.action.RECEIVE
ADDED from [YH-Android:umeng-push:unspecified] AndroidManifest.xml:60:13-62:29
action#org.agoo.android.intent.action.RECEIVE
ADDED from [YH-Android:umeng-push:unspecified] AndroidManifest.xml:61:17-81
	android:name
		ADDED from [YH-Android:umeng-push:unspecified] AndroidManifest.xml:61:25-78
receiver#com.umeng.message.ElectionReceiver
ADDED from [YH-Android:umeng-push:unspecified] AndroidManifest.xml:64:9-72:20
	android:process
		ADDED from [YH-Android:umeng-push:unspecified] AndroidManifest.xml:66:13-36
	android:name
		ADDED from [YH-Android:umeng-push:unspecified] AndroidManifest.xml:65:13-62
intent-filter#org.agoo.android.intent.action.ELECTION_RESULT_V4+umeng
ADDED from [YH-Android:umeng-push:unspecified] AndroidManifest.xml:67:13-71:29
action#org.agoo.android.intent.action.ELECTION_RESULT_V4
ADDED from [YH-Android:umeng-push:unspecified] AndroidManifest.xml:68:17-92
	android:name
		ADDED from [YH-Android:umeng-push:unspecified] AndroidManifest.xml:68:25-89
category#umeng
ADDED from [YH-Android:umeng-push:unspecified] AndroidManifest.xml:70:17-50
	android:name
		ADDED from [YH-Android:umeng-push:unspecified] AndroidManifest.xml:70:27-47
receiver#com.umeng.message.RegistrationReceiver
ADDED from [YH-Android:umeng-push:unspecified] AndroidManifest.xml:73:9-79:20
	android:exported
		ADDED from [YH-Android:umeng-push:unspecified] AndroidManifest.xml:75:13-37
	android:name
		ADDED from [YH-Android:umeng-push:unspecified] AndroidManifest.xml:74:13-66
intent-filter#${applicationId}.intent.action.COMMAND
ADDED from [YH-Android:umeng-push:unspecified] AndroidManifest.xml:76:13-78:29
action#${applicationId}.intent.action.COMMAND
ADDED from [YH-Android:umeng-push:unspecified] AndroidManifest.xml:77:17-81
	android:name
		ADDED from [YH-Android:umeng-push:unspecified] AndroidManifest.xml:77:25-78
receiver#com.umeng.message.UmengMessageBootReceiver
ADDED from [YH-Android:umeng-push:unspecified] AndroidManifest.xml:80:9-84:20
	android:name
		ADDED from [YH-Android:umeng-push:unspecified] AndroidManifest.xml:80:19-76
service#com.umeng.message.UmengService
ADDED from [YH-Android:umeng-push:unspecified] AndroidManifest.xml:86:9-102:19
	android:process
		ADDED from [YH-Android:umeng-push:unspecified] AndroidManifest.xml:90:13-36
	android:label
		ADDED from [YH-Android:umeng-push:unspecified] AndroidManifest.xml:89:13-40
	android:exported
		ADDED from [YH-Android:umeng-push:unspecified] AndroidManifest.xml:88:13-36
	android:name
		ADDED from [YH-Android:umeng-push:unspecified] AndroidManifest.xml:87:13-58
intent-filter#${applicationId}.intent.action.START
ADDED from [YH-Android:umeng-push:unspecified] AndroidManifest.xml:91:13-93:29
action#${applicationId}.intent.action.START
ADDED from [YH-Android:umeng-push:unspecified] AndroidManifest.xml:92:17-79
	android:name
		ADDED from [YH-Android:umeng-push:unspecified] AndroidManifest.xml:92:25-76
intent-filter#${applicationId}.intent.action.COCKROACH
ADDED from [YH-Android:umeng-push:unspecified] AndroidManifest.xml:94:13-96:29
action#${applicationId}.intent.action.COCKROACH
ADDED from [YH-Android:umeng-push:unspecified] AndroidManifest.xml:95:17-83
	android:name
		ADDED from [YH-Android:umeng-push:unspecified] AndroidManifest.xml:95:25-80
intent-filter#org.agoo.android.intent.action.PING_V4+umeng
ADDED from [YH-Android:umeng-push:unspecified] AndroidManifest.xml:97:13-101:29
action#org.agoo.android.intent.action.PING_V4
ADDED from [YH-Android:umeng-push:unspecified] AndroidManifest.xml:98:17-81
	android:name
		ADDED from [YH-Android:umeng-push:unspecified] AndroidManifest.xml:98:25-78
service#com.umeng.message.UmengIntentService
ADDED from [YH-Android:umeng-push:unspecified] AndroidManifest.xml:103:9-105:39
	android:process
		ADDED from [YH-Android:umeng-push:unspecified] AndroidManifest.xml:105:13-36
	android:name
		ADDED from [YH-Android:umeng-push:unspecified] AndroidManifest.xml:104:13-64
service#com.umeng.message.UmengMessageIntentReceiverService
ADDED from [YH-Android:umeng-push:unspecified] AndroidManifest.xml:106:9-116:19
	android:process
		ADDED from [YH-Android:umeng-push:unspecified] AndroidManifest.xml:109:13-36
	android:exported
		ADDED from [YH-Android:umeng-push:unspecified] AndroidManifest.xml:108:13-36
	android:name
		ADDED from [YH-Android:umeng-push:unspecified] AndroidManifest.xml:107:13-79
intent-filter#org.android.agoo.client.MessageReceiverService
ADDED from [YH-Android:umeng-push:unspecified] AndroidManifest.xml:110:13-112:29
action#org.android.agoo.client.MessageReceiverService
ADDED from [YH-Android:umeng-push:unspecified] AndroidManifest.xml:111:17-89
	android:name
		ADDED from [YH-Android:umeng-push:unspecified] AndroidManifest.xml:111:25-86
intent-filter#org.android.agoo.client.ElectionReceiverService
ADDED from [YH-Android:umeng-push:unspecified] AndroidManifest.xml:113:13-115:29
action#org.android.agoo.client.ElectionReceiverService
ADDED from [YH-Android:umeng-push:unspecified] AndroidManifest.xml:114:17-90
	android:name
		ADDED from [YH-Android:umeng-push:unspecified] AndroidManifest.xml:114:25-87
service#com.umeng.message.UmengMessageCallbackHandlerService
ADDED from [YH-Android:umeng-push:unspecified] AndroidManifest.xml:117:9-132:19
	android:exported
		ADDED from [YH-Android:umeng-push:unspecified] AndroidManifest.xml:119:13-37
	android:name
		ADDED from [YH-Android:umeng-push:unspecified] AndroidManifest.xml:118:13-80
intent-filter#com.umeng.messge.registercallback.action
ADDED from [YH-Android:umeng-push:unspecified] AndroidManifest.xml:120:13-122:29
action#com.umeng.messge.registercallback.action
ADDED from [YH-Android:umeng-push:unspecified] AndroidManifest.xml:121:17-83
	android:name
		ADDED from [YH-Android:umeng-push:unspecified] AndroidManifest.xml:121:25-80
intent-filter#com.umeng.message.unregistercallback.action
ADDED from [YH-Android:umeng-push:unspecified] AndroidManifest.xml:123:13-125:29
action#com.umeng.message.unregistercallback.action
ADDED from [YH-Android:umeng-push:unspecified] AndroidManifest.xml:124:17-86
	android:name
		ADDED from [YH-Android:umeng-push:unspecified] AndroidManifest.xml:124:25-83
intent-filter#com.umeng.message.message.handler.action
ADDED from [YH-Android:umeng-push:unspecified] AndroidManifest.xml:126:13-128:29
action#com.umeng.message.message.handler.action
ADDED from [YH-Android:umeng-push:unspecified] AndroidManifest.xml:127:17-83
	android:name
		ADDED from [YH-Android:umeng-push:unspecified] AndroidManifest.xml:127:25-80
intent-filter#com.umeng.message.autoupdate.handler.action
ADDED from [YH-Android:umeng-push:unspecified] AndroidManifest.xml:129:13-131:29
action#com.umeng.message.autoupdate.handler.action
ADDED from [YH-Android:umeng-push:unspecified] AndroidManifest.xml:130:17-86
	android:name
		ADDED from [YH-Android:umeng-push:unspecified] AndroidManifest.xml:130:25-83
service#com.umeng.message.UmengDownloadResourceService
ADDED from [YH-Android:umeng-push:unspecified] AndroidManifest.xml:135:9-137:40
	android:exported
		ADDED from [YH-Android:umeng-push:unspecified] AndroidManifest.xml:137:13-37
	android:name
		ADDED from [YH-Android:umeng-push:unspecified] AndroidManifest.xml:136:13-74
service#com.umeng.message.local.UmengLocalNotificationService
ADDED from [YH-Android:umeng-push:unspecified] AndroidManifest.xml:138:9-140:40
	android:exported
		ADDED from [YH-Android:umeng-push:unspecified] AndroidManifest.xml:140:13-37
	android:name
		ADDED from [YH-Android:umeng-push:unspecified] AndroidManifest.xml:139:13-81
service#com.squareup.leakcanary.internal.HeapAnalyzerService
ADDED from [com.squareup.leakcanary:leakcanary-android:1.3] AndroidManifest.xml:25:9-28:45
	android:enabled
		ADDED from [com.squareup.leakcanary:leakcanary-android:1.3] AndroidManifest.xml:27:13-36
	android:process
		ADDED from [com.squareup.leakcanary:leakcanary-android:1.3] AndroidManifest.xml:28:13-42
	android:name
		ADDED from [com.squareup.leakcanary:leakcanary-android:1.3] AndroidManifest.xml:26:13-80
service#com.squareup.leakcanary.DisplayLeakService
ADDED from [com.squareup.leakcanary:leakcanary-android:1.3] AndroidManifest.xml:29:9-31:39
	android:enabled
		ADDED from [com.squareup.leakcanary:leakcanary-android:1.3] AndroidManifest.xml:31:13-36
	android:name
		ADDED from [com.squareup.leakcanary:leakcanary-android:1.3] AndroidManifest.xml:30:13-70
activity#com.squareup.leakcanary.internal.DisplayLeakActivity
ADDED from [com.squareup.leakcanary:leakcanary-android:1.3] AndroidManifest.xml:33:9-45:20
	android:enabled
		ADDED from [com.squareup.leakcanary:leakcanary-android:1.3] AndroidManifest.xml:35:13-36
	android:label
		ADDED from [com.squareup.leakcanary:leakcanary-android:1.3] AndroidManifest.xml:37:13-73
	android:icon
		ADDED from [com.squareup.leakcanary:leakcanary-android:1.3] AndroidManifest.xml:36:13-56
	android:theme
		ADDED from [com.squareup.leakcanary:leakcanary-android:1.3] AndroidManifest.xml:39:13-53
	android:taskAffinity
		ADDED from [com.squareup.leakcanary:leakcanary-android:1.3] AndroidManifest.xml:38:13-59
	android:name
		ADDED from [com.squareup.leakcanary:leakcanary-android:1.3] AndroidManifest.xml:34:13-80